09:39:53.908 [main] DEBUG com.mawujun.repository.config.EntityTestService - =============================================
09:39:54.059 [main] DEBUG com.mawujun.repository.hibernate.HibernateDao - save entity: com.mawujun.repository.config.EntityTest@5e5aafc6
09:39:54.095 [main] DEBUG com.mawujun.repository.config.EntityTestService - =============================================
09:39:54.354 [main] DEBUG com.mawujun.repository.hibernate.HibernateDao - delete entity: com.mawujun.repository.EntityTest@20
09:39:54.355 [main] DEBUG com.mawujun.repository.hibernate.HibernateDao - delete entity: com.mawujun.repository.EntityTest@21
09:39:54.411 [main] DEBUG com.mawujun.repository.hibernate.HibernateDao - delete entity: com.mawujun.repository.EntityTest@20
09:39:54.780 [main] DEBUG com.mawujun.repository.hibernate.HibernateDao - delete entity: com.mawujun.repository.EntityTest@20
09:39:54.781 [main] DEBUG com.mawujun.repository.hibernate.HibernateDao - delete entity: com.mawujun.repository.EntityTest@21
09:39:54.821 [main] DEBUG com.mawujun.repository.hibernate.HibernateDao - save entity: com.mawujun.repository.EntityTest@23
09:39:54.856 [main] DEBUG com.mawujun.repository.hibernate.HibernateDao - save entity: com.mawujun.repository.EntityTest@24
09:39:54.858 [main] DEBUG com.mawujun.repository.hibernate.HibernateDao - save entity: com.mawujun.repository.EntityTest@25
09:39:54.859 [main] DEBUG com.mawujun.repository.hibernate.HibernateDao - save entity: com.mawujun.repository.EntityTest@26
09:39:54.861 [main] DEBUG com.mawujun.repository.hibernate.HibernateDao - save entity: com.mawujun.repository.EntityTest@27
09:39:54.862 [main] DEBUG com.mawujun.repository.hibernate.HibernateDao - save entity: com.mawujun.repository.EntityTest@28
09:39:54.864 [main] DEBUG com.mawujun.repository.hibernate.HibernateDao - save entity: com.mawujun.repository.EntityTest@29
09:39:54.866 [main] DEBUG com.mawujun.repository.hibernate.HibernateDao - save entity: com.mawujun.repository.EntityTest@2a
09:39:54.868 [main] DEBUG com.mawujun.repository.hibernate.HibernateDao - save entity: com.mawujun.repository.EntityTest@2b
09:39:54.870 [main] DEBUG com.mawujun.repository.hibernate.HibernateDao - save entity: com.mawujun.repository.EntityTest@2c
09:39:54.872 [main] DEBUG com.mawujun.repository.hibernate.HibernateDao - save entity: com.mawujun.repository.EntityTest@2d
09:39:55.027 [main] DEBUG com.mawujun.repository.hibernate.HibernateDao - save entity: com.mawujun.repository.EntityTest@2e
09:39:55.028 [main] DEBUG com.mawujun.repository.hibernate.HibernateDao - save entity: com.mawujun.repository.EntityTest@2f
09:39:55.029 [main] DEBUG com.mawujun.repository.hibernate.HibernateDao - save entity: com.mawujun.repository.EntityTest@30
09:39:55.030 [main] DEBUG com.mawujun.repository.hibernate.HibernateDao - save entity: com.mawujun.repository.EntityTest@31
09:39:55.031 [main] DEBUG com.mawujun.repository.hibernate.HibernateDao - save entity: com.mawujun.repository.EntityTest@32
09:39:55.033 [main] DEBUG com.mawujun.repository.hibernate.HibernateDao - save entity: com.mawujun.repository.EntityTest@33
09:39:55.035 [main] DEBUG com.mawujun.repository.hibernate.HibernateDao - save entity: com.mawujun.repository.EntityTest@34
09:39:55.036 [main] DEBUG com.mawujun.repository.hibernate.HibernateDao - save entity: com.mawujun.repository.EntityTest@35
09:39:55.038 [main] DEBUG com.mawujun.repository.hibernate.HibernateDao - save entity: com.mawujun.repository.EntityTest@36
09:39:55.039 [main] DEBUG com.mawujun.repository.hibernate.HibernateDao - save entity: com.mawujun.repository.EntityTest@37
09:39:55.133 [main] DEBUG com.mawujun.repository.hibernate.HibernateDao - delete entity: com.mawujun.repository.EntityTest@20
09:50:11.343 [main] DEBUG com.mawujun.repository.hibernate.HibernateDao - delete entity: com.mawujun.repository.config.EntityTest@42aae04d
09:50:11.344 [main] DEBUG com.mawujun.repository.hibernate.HibernateDao - delete entity: com.mawujun.repository.config.EntityTest@37854b34
09:50:11.417 [main] DEBUG com.mawujun.repository.hibernate.HibernateDao - delete entity: com.mawujun.repository.config.EntityTest@67531e3a
09:50:11.769 [main] DEBUG com.mawujun.repository.hibernate.HibernateDao - delete entity: com.mawujun.repository.config.EntityTest@54e12f4c
09:50:11.772 [main] DEBUG com.mawujun.repository.hibernate.HibernateDao - delete entity: com.mawujun.repository.config.EntityTest@4d84049a
09:50:11.834 [main] DEBUG com.mawujun.repository.hibernate.HibernateDao - save entity: com.mawujun.repository.config.EntityTest@3e1fd62b
09:50:11.886 [main] DEBUG com.mawujun.repository.config.EntityTestRepository.queryPage - ==>  Preparing: SELECT * FROM t_EntityTest limit 10 
09:50:11.898 [main] DEBUG com.mawujun.repository.config.EntityTestRepository.queryPage - ==> Parameters: 
09:50:11.916 [main] DEBUG com.mawujun.repository.config.EntityTestRepository.queryPage - <==      Total: 3
09:50:11.917 [main] DEBUG com.mawujun.repository.config.EntityTestRepository.queryPage_count - ==>  Preparing: select count (*) FROM t_EntityTest 
09:50:11.917 [main] DEBUG com.mawujun.repository.config.EntityTestRepository.queryPage_count - ==> Parameters: 
09:50:11.920 [main] DEBUG com.mawujun.repository.config.EntityTestRepository.queryPage_count - <==      Total: 1
09:50:11.942 [main] DEBUG com.mawujun.repository.hibernate.HibernateDao - save entity: com.mawujun.repository.config.EntityTest@7c20cdd0
09:50:11.944 [main] DEBUG com.mawujun.repository.hibernate.HibernateDao - save entity: com.mawujun.repository.config.EntityTest@6b6eae52
09:50:11.946 [main] DEBUG com.mawujun.repository.hibernate.HibernateDao - save entity: com.mawujun.repository.config.EntityTest@7ae0cc89
09:50:11.950 [main] DEBUG com.mawujun.repository.hibernate.HibernateDao - save entity: com.mawujun.repository.config.EntityTest@13e5d243
09:50:11.952 [main] DEBUG com.mawujun.repository.hibernate.HibernateDao - save entity: com.mawujun.repository.config.EntityTest@12c0c0b3
09:50:11.954 [main] DEBUG com.mawujun.repository.hibernate.HibernateDao - save entity: com.mawujun.repository.config.EntityTest@9c73fff
09:50:11.956 [main] DEBUG com.mawujun.repository.hibernate.HibernateDao - save entity: com.mawujun.repository.config.EntityTest@659f226a
09:50:11.959 [main] DEBUG com.mawujun.repository.hibernate.HibernateDao - save entity: com.mawujun.repository.config.EntityTest@32ec9c90
09:50:11.961 [main] DEBUG com.mawujun.repository.hibernate.HibernateDao - save entity: com.mawujun.repository.config.EntityTest@b61edb9
09:50:11.964 [main] DEBUG com.mawujun.repository.hibernate.HibernateDao - save entity: com.mawujun.repository.config.EntityTest@32bb0072
09:50:12.182 [main] DEBUG com.mawujun.repository.hibernate.HibernateDao - save entity: com.mawujun.repository.config.EntityTest@67b355c8
09:50:12.183 [main] DEBUG com.mawujun.repository.hibernate.HibernateDao - save entity: com.mawujun.repository.config.EntityTest@91f565d
09:50:12.186 [main] DEBUG com.mawujun.repository.hibernate.HibernateDao - save entity: com.mawujun.repository.config.EntityTest@3b83459e
09:50:12.188 [main] DEBUG com.mawujun.repository.hibernate.HibernateDao - save entity: com.mawujun.repository.config.EntityTest@414f87a9
09:50:12.190 [main] DEBUG com.mawujun.repository.hibernate.HibernateDao - save entity: com.mawujun.repository.config.EntityTest@3cd26422
09:50:12.191 [main] DEBUG com.mawujun.repository.hibernate.HibernateDao - save entity: com.mawujun.repository.config.EntityTest@3fa21d49
09:50:12.196 [main] DEBUG com.mawujun.repository.hibernate.HibernateDao - save entity: com.mawujun.repository.config.EntityTest@6e31d989
09:50:12.198 [main] DEBUG com.mawujun.repository.hibernate.HibernateDao - save entity: com.mawujun.repository.config.EntityTest@2ed71727
09:50:12.200 [main] DEBUG com.mawujun.repository.hibernate.HibernateDao - save entity: com.mawujun.repository.config.EntityTest@65bb6275
09:50:12.202 [main] DEBUG com.mawujun.repository.hibernate.HibernateDao - save entity: com.mawujun.repository.config.EntityTest@72a2312e
09:50:12.269 [main] DEBUG com.mawujun.repository.hibernate.HibernateDao - delete entity: com.mawujun.repository.config.EntityTest@63f855b
09:50:12.366 [main] DEBUG com.mawujun.repository.config.EntityTestService - =============================================
09:50:12.370 [main] DEBUG com.mawujun.repository.hibernate.HibernateDao - save entity: com.mawujun.repository.config.EntityTest@712ac7e6
09:50:12.381 [main] DEBUG com.mawujun.repository.config.EntityTestService - =============================================
09:50:12.497 [main] DEBUG com.mawujun.repository.hibernate.HibernateDao - delete entity: com.mawujun.repository.EntityTest@20
09:50:12.499 [main] DEBUG com.mawujun.repository.hibernate.HibernateDao - delete entity: com.mawujun.repository.EntityTest@21
09:50:12.537 [main] DEBUG com.mawujun.repository.hibernate.HibernateDao - delete entity: com.mawujun.repository.EntityTest@20
09:50:12.819 [main] DEBUG com.mawujun.repository.hibernate.HibernateDao - delete entity: com.mawujun.repository.EntityTest@20
09:50:12.820 [main] DEBUG com.mawujun.repository.hibernate.HibernateDao - delete entity: com.mawujun.repository.EntityTest@21
09:50:12.859 [main] DEBUG com.mawujun.repository.hibernate.HibernateDao - save entity: com.mawujun.repository.EntityTest@3b
09:50:12.887 [main] DEBUG com.mawujun.repository.EquipmentTypeRepository.queryPage - ==>  Preparing: SELECT * FROM t_EntityTest order by id asc limit 10 
09:50:12.888 [main] DEBUG com.mawujun.repository.EquipmentTypeRepository.queryPage - ==> Parameters: 
09:50:12.890 [main] DEBUG com.mawujun.repository.EquipmentTypeRepository.queryPage - <==      Total: 3
09:50:12.890 [main] DEBUG com.mawujun.repository.EquipmentTypeRepository.queryPage_count - ==>  Preparing: select count (*) FROM t_EntityTest 
09:50:12.890 [main] DEBUG com.mawujun.repository.EquipmentTypeRepository.queryPage_count - ==> Parameters: 
09:50:12.891 [main] DEBUG com.mawujun.repository.EquipmentTypeRepository.queryPage_count - <==      Total: 1
09:50:12.907 [main] DEBUG com.mawujun.repository.hibernate.HibernateDao - save entity: com.mawujun.repository.EntityTest@3c
09:50:12.914 [main] DEBUG com.mawujun.repository.hibernate.HibernateDao - save entity: com.mawujun.repository.EntityTest@3d
09:50:12.915 [main] DEBUG com.mawujun.repository.hibernate.HibernateDao - save entity: com.mawujun.repository.EntityTest@3e
09:50:12.917 [main] DEBUG com.mawujun.repository.hibernate.HibernateDao - save entity: com.mawujun.repository.EntityTest@3f
09:50:12.918 [main] DEBUG com.mawujun.repository.hibernate.HibernateDao - save entity: com.mawujun.repository.EntityTest@40
09:50:12.920 [main] DEBUG com.mawujun.repository.hibernate.HibernateDao - save entity: com.mawujun.repository.EntityTest@41
09:50:12.921 [main] DEBUG com.mawujun.repository.hibernate.HibernateDao - save entity: com.mawujun.repository.EntityTest@42
09:50:12.923 [main] DEBUG com.mawujun.repository.hibernate.HibernateDao - save entity: com.mawujun.repository.EntityTest@43
09:50:12.926 [main] DEBUG com.mawujun.repository.hibernate.HibernateDao - save entity: com.mawujun.repository.EntityTest@44
09:50:12.927 [main] DEBUG com.mawujun.repository.hibernate.HibernateDao - save entity: com.mawujun.repository.EntityTest@45
09:50:13.056 [main] DEBUG com.mawujun.repository.hibernate.HibernateDao - save entity: com.mawujun.repository.EntityTest@46
09:50:13.057 [main] DEBUG com.mawujun.repository.hibernate.HibernateDao - save entity: com.mawujun.repository.EntityTest@47
09:50:13.058 [main] DEBUG com.mawujun.repository.hibernate.HibernateDao - save entity: com.mawujun.repository.EntityTest@48
09:50:13.060 [main] DEBUG com.mawujun.repository.hibernate.HibernateDao - save entity: com.mawujun.repository.EntityTest@49
09:50:13.061 [main] DEBUG com.mawujun.repository.hibernate.HibernateDao - save entity: com.mawujun.repository.EntityTest@4a
09:50:13.063 [main] DEBUG com.mawujun.repository.hibernate.HibernateDao - save entity: com.mawujun.repository.EntityTest@4b
09:50:13.064 [main] DEBUG com.mawujun.repository.hibernate.HibernateDao - save entity: com.mawujun.repository.EntityTest@4c
09:50:13.065 [main] DEBUG com.mawujun.repository.hibernate.HibernateDao - save entity: com.mawujun.repository.EntityTest@4d
09:50:13.067 [main] DEBUG com.mawujun.repository.hibernate.HibernateDao - save entity: com.mawujun.repository.EntityTest@4e
09:50:13.068 [main] DEBUG com.mawujun.repository.hibernate.HibernateDao - save entity: com.mawujun.repository.EntityTest@4f
09:50:13.114 [main] DEBUG com.mawujun.repository.hibernate.HibernateDao - delete entity: com.mawujun.repository.EntityTest@20
09:50:36.772 [main] DEBUG com.mawujun.repository.hibernate.HibernateDao - delete entity: com.mawujun.repository.config.EntityTest@42aae04d
09:50:36.775 [main] DEBUG com.mawujun.repository.hibernate.HibernateDao - delete entity: com.mawujun.repository.config.EntityTest@37854b34
09:50:36.852 [main] DEBUG com.mawujun.repository.hibernate.HibernateDao - delete entity: com.mawujun.repository.config.EntityTest@67531e3a
09:50:37.211 [main] DEBUG com.mawujun.repository.hibernate.HibernateDao - delete entity: com.mawujun.repository.config.EntityTest@54e12f4c
09:50:37.214 [main] DEBUG com.mawujun.repository.hibernate.HibernateDao - delete entity: com.mawujun.repository.config.EntityTest@4d84049a
09:50:37.278 [main] DEBUG com.mawujun.repository.hibernate.HibernateDao - save entity: com.mawujun.repository.config.EntityTest@3e1fd62b
09:50:37.337 [main] DEBUG com.mawujun.repository.config.EntityTestRepository.queryPage - ==>  Preparing: SELECT * FROM t_EntityTest limit 10 
09:50:37.349 [main] DEBUG com.mawujun.repository.config.EntityTestRepository.queryPage - ==> Parameters: 
09:50:37.364 [main] DEBUG com.mawujun.repository.config.EntityTestRepository.queryPage - <==      Total: 3
09:50:37.364 [main] DEBUG com.mawujun.repository.config.EntityTestRepository.queryPage_count - ==>  Preparing: select count (*) FROM t_EntityTest 
09:50:37.365 [main] DEBUG com.mawujun.repository.config.EntityTestRepository.queryPage_count - ==> Parameters: 
09:50:37.366 [main] DEBUG com.mawujun.repository.config.EntityTestRepository.queryPage_count - <==      Total: 1
09:50:37.393 [main] DEBUG com.mawujun.repository.hibernate.HibernateDao - save entity: com.mawujun.repository.config.EntityTest@7c20cdd0
09:50:37.395 [main] DEBUG com.mawujun.repository.hibernate.HibernateDao - save entity: com.mawujun.repository.config.EntityTest@6b6eae52
09:50:37.398 [main] DEBUG com.mawujun.repository.hibernate.HibernateDao - save entity: com.mawujun.repository.config.EntityTest@7ae0cc89
09:50:37.401 [main] DEBUG com.mawujun.repository.hibernate.HibernateDao - save entity: com.mawujun.repository.config.EntityTest@13e5d243
09:50:37.404 [main] DEBUG com.mawujun.repository.hibernate.HibernateDao - save entity: com.mawujun.repository.config.EntityTest@12c0c0b3
09:50:37.406 [main] DEBUG com.mawujun.repository.hibernate.HibernateDao - save entity: com.mawujun.repository.config.EntityTest@9c73fff
09:50:37.410 [main] DEBUG com.mawujun.repository.hibernate.HibernateDao - save entity: com.mawujun.repository.config.EntityTest@659f226a
09:50:37.414 [main] DEBUG com.mawujun.repository.hibernate.HibernateDao - save entity: com.mawujun.repository.config.EntityTest@32ec9c90
09:50:37.416 [main] DEBUG com.mawujun.repository.hibernate.HibernateDao - save entity: com.mawujun.repository.config.EntityTest@b61edb9
09:50:37.420 [main] DEBUG com.mawujun.repository.hibernate.HibernateDao - save entity: com.mawujun.repository.config.EntityTest@32bb0072
09:50:37.607 [main] DEBUG com.mawujun.repository.hibernate.HibernateDao - save entity: com.mawujun.repository.config.EntityTest@67b355c8
09:50:37.609 [main] DEBUG com.mawujun.repository.hibernate.HibernateDao - save entity: com.mawujun.repository.config.EntityTest@91f565d
09:50:37.611 [main] DEBUG com.mawujun.repository.hibernate.HibernateDao - save entity: com.mawujun.repository.config.EntityTest@3b83459e
09:50:37.613 [main] DEBUG com.mawujun.repository.hibernate.HibernateDao - save entity: com.mawujun.repository.config.EntityTest@414f87a9
09:50:37.614 [main] DEBUG com.mawujun.repository.hibernate.HibernateDao - save entity: com.mawujun.repository.config.EntityTest@3cd26422
09:50:37.616 [main] DEBUG com.mawujun.repository.hibernate.HibernateDao - save entity: com.mawujun.repository.config.EntityTest@3fa21d49
09:50:37.618 [main] DEBUG com.mawujun.repository.hibernate.HibernateDao - save entity: com.mawujun.repository.config.EntityTest@6e31d989
09:50:37.620 [main] DEBUG com.mawujun.repository.hibernate.HibernateDao - save entity: com.mawujun.repository.config.EntityTest@2ed71727
09:50:37.622 [main] DEBUG com.mawujun.repository.hibernate.HibernateDao - save entity: com.mawujun.repository.config.EntityTest@65bb6275
09:50:37.624 [main] DEBUG com.mawujun.repository.hibernate.HibernateDao - save entity: com.mawujun.repository.config.EntityTest@72a2312e
09:50:37.688 [main] DEBUG com.mawujun.repository.hibernate.HibernateDao - delete entity: com.mawujun.repository.config.EntityTest@63f855b
09:50:37.802 [main] DEBUG com.mawujun.repository.config.EntityTestService - =============================================
09:50:37.804 [main] DEBUG com.mawujun.repository.hibernate.HibernateDao - save entity: com.mawujun.repository.config.EntityTest@712ac7e6
09:50:37.814 [main] DEBUG com.mawujun.repository.config.EntityTestService - =============================================
09:50:37.937 [main] DEBUG com.mawujun.repository.hibernate.HibernateDao - delete entity: com.mawujun.repository.EntityTest@20
09:50:37.937 [main] DEBUG com.mawujun.repository.hibernate.HibernateDao - delete entity: com.mawujun.repository.EntityTest@21
09:50:38.008 [main] DEBUG com.mawujun.repository.hibernate.HibernateDao - delete entity: com.mawujun.repository.EntityTest@20
09:50:38.274 [main] DEBUG com.mawujun.repository.hibernate.HibernateDao - delete entity: com.mawujun.repository.EntityTest@20
09:50:38.274 [main] DEBUG com.mawujun.repository.hibernate.HibernateDao - delete entity: com.mawujun.repository.EntityTest@21
09:50:38.321 [main] DEBUG com.mawujun.repository.hibernate.HibernateDao - save entity: com.mawujun.repository.EntityTest@3b
09:50:38.350 [main] DEBUG com.mawujun.repository.EquipmentTypeRepository.queryPage - ==>  Preparing: SELECT * FROM t_EntityTest order by id asc limit 10 
09:50:38.350 [main] DEBUG com.mawujun.repository.EquipmentTypeRepository.queryPage - ==> Parameters: 
09:50:38.351 [main] DEBUG com.mawujun.repository.EquipmentTypeRepository.queryPage - <==      Total: 3
09:50:38.352 [main] DEBUG com.mawujun.repository.EquipmentTypeRepository.queryPage_count - ==>  Preparing: select count (*) FROM t_EntityTest 
09:50:38.352 [main] DEBUG com.mawujun.repository.EquipmentTypeRepository.queryPage_count - ==> Parameters: 
09:50:38.352 [main] DEBUG com.mawujun.repository.EquipmentTypeRepository.queryPage_count - <==      Total: 1
09:50:38.361 [main] DEBUG com.mawujun.repository.hibernate.HibernateDao - save entity: com.mawujun.repository.EntityTest@3c
09:50:38.363 [main] DEBUG com.mawujun.repository.hibernate.HibernateDao - save entity: com.mawujun.repository.EntityTest@3d
09:50:38.364 [main] DEBUG com.mawujun.repository.hibernate.HibernateDao - save entity: com.mawujun.repository.EntityTest@3e
09:50:38.365 [main] DEBUG com.mawujun.repository.hibernate.HibernateDao - save entity: com.mawujun.repository.EntityTest@3f
09:50:38.366 [main] DEBUG com.mawujun.repository.hibernate.HibernateDao - save entity: com.mawujun.repository.EntityTest@40
09:50:38.367 [main] DEBUG com.mawujun.repository.hibernate.HibernateDao - save entity: com.mawujun.repository.EntityTest@41
09:50:38.369 [main] DEBUG com.mawujun.repository.hibernate.HibernateDao - save entity: com.mawujun.repository.EntityTest@42
09:50:38.371 [main] DEBUG com.mawujun.repository.hibernate.HibernateDao - save entity: com.mawujun.repository.EntityTest@43
09:50:38.372 [main] DEBUG com.mawujun.repository.hibernate.HibernateDao - save entity: com.mawujun.repository.EntityTest@44
09:50:38.375 [main] DEBUG com.mawujun.repository.hibernate.HibernateDao - save entity: com.mawujun.repository.EntityTest@45
09:50:38.535 [main] DEBUG com.mawujun.repository.hibernate.HibernateDao - save entity: com.mawujun.repository.EntityTest@46
09:50:38.536 [main] DEBUG com.mawujun.repository.hibernate.HibernateDao - save entity: com.mawujun.repository.EntityTest@47
09:50:38.537 [main] DEBUG com.mawujun.repository.hibernate.HibernateDao - save entity: com.mawujun.repository.EntityTest@48
09:50:38.538 [main] DEBUG com.mawujun.repository.hibernate.HibernateDao - save entity: com.mawujun.repository.EntityTest@49
09:50:38.539 [main] DEBUG com.mawujun.repository.hibernate.HibernateDao - save entity: com.mawujun.repository.EntityTest@4a
09:50:38.541 [main] DEBUG com.mawujun.repository.hibernate.HibernateDao - save entity: com.mawujun.repository.EntityTest@4b
09:50:38.542 [main] DEBUG com.mawujun.repository.hibernate.HibernateDao - save entity: com.mawujun.repository.EntityTest@4c
09:50:38.543 [main] DEBUG com.mawujun.repository.hibernate.HibernateDao - save entity: com.mawujun.repository.EntityTest@4d
09:50:38.544 [main] DEBUG com.mawujun.repository.hibernate.HibernateDao - save entity: com.mawujun.repository.EntityTest@4e
09:50:38.545 [main] DEBUG com.mawujun.repository.hibernate.HibernateDao - save entity: com.mawujun.repository.EntityTest@4f
09:50:38.591 [main] DEBUG com.mawujun.repository.hibernate.HibernateDao - delete entity: com.mawujun.repository.EntityTest@20
09:54:32.114 [main] DEBUG com.mawujun.repository.hibernate.HibernateDao - delete entity: com.mawujun.repository.config.EntityTest@2ae62bb6
09:54:32.116 [main] DEBUG com.mawujun.repository.hibernate.HibernateDao - delete entity: com.mawujun.repository.config.EntityTest@692dba54
09:54:32.177 [main] DEBUG com.mawujun.repository.hibernate.HibernateDao - delete entity: com.mawujun.repository.config.EntityTest@64920dc2
09:54:32.555 [main] DEBUG com.mawujun.repository.hibernate.HibernateDao - delete entity: com.mawujun.repository.config.EntityTest@d902300
09:54:32.556 [main] DEBUG com.mawujun.repository.hibernate.HibernateDao - delete entity: com.mawujun.repository.config.EntityTest@30c3ae63
09:54:32.617 [main] DEBUG com.mawujun.repository.hibernate.HibernateDao - save entity: com.mawujun.repository.config.EntityTest@250a9031
09:54:32.673 [main] DEBUG com.mawujun.repository.config.EntityTestRepository.queryPage - ==>  Preparing: SELECT * FROM t_EntityTest limit 10 
09:54:32.683 [main] DEBUG com.mawujun.repository.config.EntityTestRepository.queryPage - ==> Parameters: 
09:54:32.701 [main] DEBUG com.mawujun.repository.config.EntityTestRepository.queryPage - <==      Total: 3
09:54:32.702 [main] DEBUG com.mawujun.repository.config.EntityTestRepository.queryPage_count - ==>  Preparing: select count (*) FROM t_EntityTest 
09:54:32.702 [main] DEBUG com.mawujun.repository.config.EntityTestRepository.queryPage_count - ==> Parameters: 
09:54:32.704 [main] DEBUG com.mawujun.repository.config.EntityTestRepository.queryPage_count - <==      Total: 1
09:54:32.725 [main] DEBUG com.mawujun.repository.hibernate.HibernateDao - save entity: com.mawujun.repository.config.EntityTest@50a13c2f
09:54:32.727 [main] DEBUG com.mawujun.repository.hibernate.HibernateDao - save entity: com.mawujun.repository.config.EntityTest@53c99b09
09:54:32.729 [main] DEBUG com.mawujun.repository.hibernate.HibernateDao - save entity: com.mawujun.repository.config.EntityTest@7c20cdd0
09:54:32.732 [main] DEBUG com.mawujun.repository.hibernate.HibernateDao - save entity: com.mawujun.repository.config.EntityTest@6b6eae52
09:54:32.734 [main] DEBUG com.mawujun.repository.hibernate.HibernateDao - save entity: com.mawujun.repository.config.EntityTest@46046c06
09:54:32.736 [main] DEBUG com.mawujun.repository.hibernate.HibernateDao - save entity: com.mawujun.repository.config.EntityTest@7af52ec7
09:54:32.739 [main] DEBUG com.mawujun.repository.hibernate.HibernateDao - save entity: com.mawujun.repository.config.EntityTest@12c0c0b3
09:54:32.742 [main] DEBUG com.mawujun.repository.hibernate.HibernateDao - save entity: com.mawujun.repository.config.EntityTest@9c73fff
09:54:32.744 [main] DEBUG com.mawujun.repository.hibernate.HibernateDao - save entity: com.mawujun.repository.config.EntityTest@2e463f4
09:54:32.746 [main] DEBUG com.mawujun.repository.hibernate.HibernateDao - save entity: com.mawujun.repository.config.EntityTest@36ab3814
09:54:32.931 [main] DEBUG com.mawujun.repository.hibernate.HibernateDao - save entity: com.mawujun.repository.config.EntityTest@79f90a3a
09:54:32.932 [main] DEBUG com.mawujun.repository.hibernate.HibernateDao - save entity: com.mawujun.repository.config.EntityTest@67b355c8
09:54:32.934 [main] DEBUG com.mawujun.repository.hibernate.HibernateDao - save entity: com.mawujun.repository.config.EntityTest@91f565d
09:54:32.935 [main] DEBUG com.mawujun.repository.hibernate.HibernateDao - save entity: com.mawujun.repository.config.EntityTest@3b83459e
09:54:32.937 [main] DEBUG com.mawujun.repository.hibernate.HibernateDao - save entity: com.mawujun.repository.config.EntityTest@414f87a9
09:54:32.938 [main] DEBUG com.mawujun.repository.hibernate.HibernateDao - save entity: com.mawujun.repository.config.EntityTest@3cd26422
09:54:32.940 [main] DEBUG com.mawujun.repository.hibernate.HibernateDao - save entity: com.mawujun.repository.config.EntityTest@3fa21d49
09:54:32.941 [main] DEBUG com.mawujun.repository.hibernate.HibernateDao - save entity: com.mawujun.repository.config.EntityTest@6e31d989
09:54:32.943 [main] DEBUG com.mawujun.repository.hibernate.HibernateDao - save entity: com.mawujun.repository.config.EntityTest@2ed71727
09:54:32.944 [main] DEBUG com.mawujun.repository.hibernate.HibernateDao - save entity: com.mawujun.repository.config.EntityTest@65bb6275
09:54:32.989 [main] DEBUG com.mawujun.repository.hibernate.HibernateDao - delete entity: com.mawujun.repository.config.EntityTest@4c5a2baf
09:54:33.085 [main] DEBUG com.mawujun.repository.config.EntityTestService - =============================================
09:54:33.087 [main] DEBUG com.mawujun.repository.hibernate.HibernateDao - save entity: com.mawujun.repository.config.EntityTest@1e7f19b4
09:54:33.094 [main] DEBUG com.mawujun.repository.config.EntityTestService - =============================================
09:54:33.206 [main] DEBUG com.mawujun.repository.hibernate.HibernateDao - delete entity: com.mawujun.repository.EntityTest@20
09:54:33.207 [main] DEBUG com.mawujun.repository.hibernate.HibernateDao - delete entity: com.mawujun.repository.EntityTest@21
09:54:33.245 [main] DEBUG com.mawujun.repository.hibernate.HibernateDao - delete entity: com.mawujun.repository.EntityTest@20
09:54:33.486 [main] DEBUG com.mawujun.repository.hibernate.HibernateDao - delete entity: com.mawujun.repository.EntityTest@20
09:54:33.487 [main] DEBUG com.mawujun.repository.hibernate.HibernateDao - delete entity: com.mawujun.repository.EntityTest@21
09:54:33.519 [main] DEBUG com.mawujun.repository.hibernate.HibernateDao - save entity: com.mawujun.repository.EntityTest@3b
09:54:33.553 [main] DEBUG com.mawujun.repository.EquipmentTypeRepository.queryPage - ==>  Preparing: SELECT * FROM t_EntityTest order by id asc limit 10 
09:54:33.553 [main] DEBUG com.mawujun.repository.EquipmentTypeRepository.queryPage - ==> Parameters: 
09:54:33.555 [main] DEBUG com.mawujun.repository.EquipmentTypeRepository.queryPage - <==      Total: 3
09:54:33.556 [main] DEBUG com.mawujun.repository.EquipmentTypeRepository.queryPage_count - ==>  Preparing: select count (*) FROM t_EntityTest 
09:54:33.557 [main] DEBUG com.mawujun.repository.EquipmentTypeRepository.queryPage_count - ==> Parameters: 
09:54:33.557 [main] DEBUG com.mawujun.repository.EquipmentTypeRepository.queryPage_count - <==      Total: 1
09:54:33.572 [main] DEBUG com.mawujun.repository.hibernate.HibernateDao - save entity: com.mawujun.repository.EntityTest@3c
09:54:33.573 [main] DEBUG com.mawujun.repository.hibernate.HibernateDao - save entity: com.mawujun.repository.EntityTest@3d
09:54:33.574 [main] DEBUG com.mawujun.repository.hibernate.HibernateDao - save entity: com.mawujun.repository.EntityTest@3e
09:54:33.576 [main] DEBUG com.mawujun.repository.hibernate.HibernateDao - save entity: com.mawujun.repository.EntityTest@3f
09:54:33.577 [main] DEBUG com.mawujun.repository.hibernate.HibernateDao - save entity: com.mawujun.repository.EntityTest@40
09:54:33.578 [main] DEBUG com.mawujun.repository.hibernate.HibernateDao - save entity: com.mawujun.repository.EntityTest@41
09:54:33.579 [main] DEBUG com.mawujun.repository.hibernate.HibernateDao - save entity: com.mawujun.repository.EntityTest@42
09:54:33.581 [main] DEBUG com.mawujun.repository.hibernate.HibernateDao - save entity: com.mawujun.repository.EntityTest@43
09:54:33.582 [main] DEBUG com.mawujun.repository.hibernate.HibernateDao - save entity: com.mawujun.repository.EntityTest@44
09:54:33.584 [main] DEBUG com.mawujun.repository.hibernate.HibernateDao - save entity: com.mawujun.repository.EntityTest@45
09:54:33.737 [main] DEBUG com.mawujun.repository.hibernate.HibernateDao - save entity: com.mawujun.repository.EntityTest@46
09:54:33.738 [main] DEBUG com.mawujun.repository.hibernate.HibernateDao - save entity: com.mawujun.repository.EntityTest@47
09:54:33.740 [main] DEBUG com.mawujun.repository.hibernate.HibernateDao - save entity: com.mawujun.repository.EntityTest@48
09:54:33.741 [main] DEBUG com.mawujun.repository.hibernate.HibernateDao - save entity: com.mawujun.repository.EntityTest@49
09:54:33.743 [main] DEBUG com.mawujun.repository.hibernate.HibernateDao - save entity: com.mawujun.repository.EntityTest@4a
09:54:33.744 [main] DEBUG com.mawujun.repository.hibernate.HibernateDao - save entity: com.mawujun.repository.EntityTest@4b
09:54:33.746 [main] DEBUG com.mawujun.repository.hibernate.HibernateDao - save entity: com.mawujun.repository.EntityTest@4c
09:54:33.747 [main] DEBUG com.mawujun.repository.hibernate.HibernateDao - save entity: com.mawujun.repository.EntityTest@4d
09:54:33.748 [main] DEBUG com.mawujun.repository.hibernate.HibernateDao - save entity: com.mawujun.repository.EntityTest@4e
09:54:33.749 [main] DEBUG com.mawujun.repository.hibernate.HibernateDao - save entity: com.mawujun.repository.EntityTest@4f
09:54:33.796 [main] DEBUG com.mawujun.repository.hibernate.HibernateDao - delete entity: com.mawujun.repository.EntityTest@20
10:04:47.299 [main] DEBUG com.mawujun.repository.hibernate.HibernateDao - delete entity: com.mawujun.repository.config.EntityTest@2ae62bb6
10:04:47.301 [main] DEBUG com.mawujun.repository.hibernate.HibernateDao - delete entity: com.mawujun.repository.config.EntityTest@692dba54
10:04:47.384 [main] DEBUG com.mawujun.repository.hibernate.HibernateDao - delete entity: com.mawujun.repository.config.EntityTest@64920dc2
10:04:47.759 [main] DEBUG com.mawujun.repository.hibernate.HibernateDao - delete entity: com.mawujun.repository.config.EntityTest@d902300
10:04:47.760 [main] DEBUG com.mawujun.repository.hibernate.HibernateDao - delete entity: com.mawujun.repository.config.EntityTest@30c3ae63
10:04:47.860 [main] DEBUG com.mawujun.repository.hibernate.HibernateDao - save entity: com.mawujun.repository.config.EntityTest@250a9031
10:04:47.922 [main] DEBUG com.mawujun.repository.config.EntityTestRepository.queryPage - ==>  Preparing: SELECT * FROM t_EntityTest limit 10 
10:04:47.936 [main] DEBUG com.mawujun.repository.config.EntityTestRepository.queryPage - ==> Parameters: 
10:04:47.958 [main] DEBUG com.mawujun.repository.config.EntityTestRepository.queryPage - <==      Total: 3
10:04:47.959 [main] DEBUG com.mawujun.repository.config.EntityTestRepository.queryPage_count - ==>  Preparing: select count (*) FROM t_EntityTest 
10:04:47.959 [main] DEBUG com.mawujun.repository.config.EntityTestRepository.queryPage_count - ==> Parameters: 
10:04:47.962 [main] DEBUG com.mawujun.repository.config.EntityTestRepository.queryPage_count - <==      Total: 1
10:04:47.992 [main] DEBUG com.mawujun.repository.hibernate.HibernateDao - save entity: com.mawujun.repository.config.EntityTest@50a13c2f
10:04:47.994 [main] DEBUG com.mawujun.repository.hibernate.HibernateDao - save entity: com.mawujun.repository.config.EntityTest@53c99b09
10:04:47.996 [main] DEBUG com.mawujun.repository.hibernate.HibernateDao - save entity: com.mawujun.repository.config.EntityTest@7c20cdd0
10:04:48.000 [main] DEBUG com.mawujun.repository.hibernate.HibernateDao - save entity: com.mawujun.repository.config.EntityTest@6b6eae52
10:04:48.004 [main] DEBUG com.mawujun.repository.hibernate.HibernateDao - save entity: com.mawujun.repository.config.EntityTest@46046c06
10:04:48.007 [main] DEBUG com.mawujun.repository.hibernate.HibernateDao - save entity: com.mawujun.repository.config.EntityTest@7af52ec7
10:04:48.010 [main] DEBUG com.mawujun.repository.hibernate.HibernateDao - save entity: com.mawujun.repository.config.EntityTest@12c0c0b3
10:04:48.015 [main] DEBUG com.mawujun.repository.hibernate.HibernateDao - save entity: com.mawujun.repository.config.EntityTest@9c73fff
10:04:48.017 [main] DEBUG com.mawujun.repository.hibernate.HibernateDao - save entity: com.mawujun.repository.config.EntityTest@2e463f4
10:04:48.020 [main] DEBUG com.mawujun.repository.hibernate.HibernateDao - save entity: com.mawujun.repository.config.EntityTest@36ab3814
10:04:48.239 [main] DEBUG com.mawujun.repository.hibernate.HibernateDao - save entity: com.mawujun.repository.config.EntityTest@45900b64
10:04:48.240 [main] DEBUG com.mawujun.repository.hibernate.HibernateDao - save entity: com.mawujun.repository.config.EntityTest@79f90a3a
10:04:48.242 [main] DEBUG com.mawujun.repository.hibernate.HibernateDao - save entity: com.mawujun.repository.config.EntityTest@67b355c8
10:04:48.244 [main] DEBUG com.mawujun.repository.hibernate.HibernateDao - save entity: com.mawujun.repository.config.EntityTest@91f565d
10:04:48.245 [main] DEBUG com.mawujun.repository.hibernate.HibernateDao - save entity: com.mawujun.repository.config.EntityTest@3b83459e
10:04:48.248 [main] DEBUG com.mawujun.repository.hibernate.HibernateDao - save entity: com.mawujun.repository.config.EntityTest@414f87a9
10:04:48.250 [main] DEBUG com.mawujun.repository.hibernate.HibernateDao - save entity: com.mawujun.repository.config.EntityTest@3cd26422
10:04:48.252 [main] DEBUG com.mawujun.repository.hibernate.HibernateDao - save entity: com.mawujun.repository.config.EntityTest@3fa21d49
10:04:48.253 [main] DEBUG com.mawujun.repository.hibernate.HibernateDao - save entity: com.mawujun.repository.config.EntityTest@6e31d989
10:04:48.255 [main] DEBUG com.mawujun.repository.hibernate.HibernateDao - save entity: com.mawujun.repository.config.EntityTest@2ed71727
10:04:48.327 [main] DEBUG com.mawujun.repository.hibernate.HibernateDao - delete entity: com.mawujun.repository.config.EntityTest@4c5a2baf
10:04:48.431 [main] DEBUG com.mawujun.repository.config.EntityTestService - =============================================
10:04:48.434 [main] DEBUG com.mawujun.repository.hibernate.HibernateDao - save entity: com.mawujun.repository.config.EntityTest@1e7f19b4
10:04:48.443 [main] DEBUG com.mawujun.repository.config.EntityTestService - =============================================
10:04:48.583 [main] DEBUG com.mawujun.repository.hibernate.HibernateDao - delete entity: com.mawujun.repository.EntityTest@20
10:04:48.584 [main] DEBUG com.mawujun.repository.hibernate.HibernateDao - delete entity: com.mawujun.repository.EntityTest@21
10:04:48.623 [main] DEBUG com.mawujun.repository.hibernate.HibernateDao - delete entity: com.mawujun.repository.EntityTest@20
10:04:48.841 [main] DEBUG com.mawujun.repository.hibernate.HibernateDao - delete entity: com.mawujun.repository.EntityTest@20
10:04:48.841 [main] DEBUG com.mawujun.repository.hibernate.HibernateDao - delete entity: com.mawujun.repository.EntityTest@21
10:04:48.873 [main] DEBUG com.mawujun.repository.hibernate.HibernateDao - save entity: com.mawujun.repository.EntityTest@3b
10:04:48.891 [main] DEBUG com.mawujun.repository.EquipmentTypeRepository.queryPage - ==>  Preparing: SELECT * FROM t_EntityTest order by id asc limit 10 
10:04:48.891 [main] DEBUG com.mawujun.repository.EquipmentTypeRepository.queryPage - ==> Parameters: 
10:04:48.893 [main] DEBUG com.mawujun.repository.EquipmentTypeRepository.queryPage - <==      Total: 3
10:04:48.893 [main] DEBUG com.mawujun.repository.EquipmentTypeRepository.queryPage_count - ==>  Preparing: select count (*) FROM t_EntityTest 
10:04:48.893 [main] DEBUG com.mawujun.repository.EquipmentTypeRepository.queryPage_count - ==> Parameters: 
10:04:48.893 [main] DEBUG com.mawujun.repository.EquipmentTypeRepository.queryPage_count - <==      Total: 1
10:04:48.903 [main] DEBUG com.mawujun.repository.hibernate.HibernateDao - save entity: com.mawujun.repository.EntityTest@3c
10:04:48.904 [main] DEBUG com.mawujun.repository.hibernate.HibernateDao - save entity: com.mawujun.repository.EntityTest@3d
10:04:48.905 [main] DEBUG com.mawujun.repository.hibernate.HibernateDao - save entity: com.mawujun.repository.EntityTest@3e
10:04:48.906 [main] DEBUG com.mawujun.repository.hibernate.HibernateDao - save entity: com.mawujun.repository.EntityTest@3f
10:04:48.907 [main] DEBUG com.mawujun.repository.hibernate.HibernateDao - save entity: com.mawujun.repository.EntityTest@40
10:04:48.908 [main] DEBUG com.mawujun.repository.hibernate.HibernateDao - save entity: com.mawujun.repository.EntityTest@41
10:04:48.909 [main] DEBUG com.mawujun.repository.hibernate.HibernateDao - save entity: com.mawujun.repository.EntityTest@42
10:04:48.911 [main] DEBUG com.mawujun.repository.hibernate.HibernateDao - save entity: com.mawujun.repository.EntityTest@43
10:04:48.912 [main] DEBUG com.mawujun.repository.hibernate.HibernateDao - save entity: com.mawujun.repository.EntityTest@44
10:04:48.914 [main] DEBUG com.mawujun.repository.hibernate.HibernateDao - save entity: com.mawujun.repository.EntityTest@45
10:04:49.078 [main] DEBUG com.mawujun.repository.hibernate.HibernateDao - save entity: com.mawujun.repository.EntityTest@46
10:04:49.078 [main] DEBUG com.mawujun.repository.hibernate.HibernateDao - save entity: com.mawujun.repository.EntityTest@47
10:04:49.079 [main] DEBUG com.mawujun.repository.hibernate.HibernateDao - save entity: com.mawujun.repository.EntityTest@48
10:04:49.080 [main] DEBUG com.mawujun.repository.hibernate.HibernateDao - save entity: com.mawujun.repository.EntityTest@49
10:04:49.081 [main] DEBUG com.mawujun.repository.hibernate.HibernateDao - save entity: com.mawujun.repository.EntityTest@4a
10:04:49.085 [main] DEBUG com.mawujun.repository.hibernate.HibernateDao - save entity: com.mawujun.repository.EntityTest@4b
10:04:49.086 [main] DEBUG com.mawujun.repository.hibernate.HibernateDao - save entity: com.mawujun.repository.EntityTest@4c
10:04:49.087 [main] DEBUG com.mawujun.repository.hibernate.HibernateDao - save entity: com.mawujun.repository.EntityTest@4d
10:04:49.088 [main] DEBUG com.mawujun.repository.hibernate.HibernateDao - save entity: com.mawujun.repository.EntityTest@4e
10:04:49.089 [main] DEBUG com.mawujun.repository.hibernate.HibernateDao - save entity: com.mawujun.repository.EntityTest@4f
10:04:49.133 [main] DEBUG com.mawujun.repository.hibernate.HibernateDao - delete entity: com.mawujun.repository.EntityTest@20
